#
# There is insufficient memory for the Java Runtime Environment to continue.
# Native memory allocation (mmap) failed to map 98566144 bytes for G1 virtual space
# Possible reasons:
#   The system is out of physical RAM or swap space
#   The process is running with CompressedOops enabled, and the Java Heap may be blocking the growth of the native heap
# Possible solutions:
#   Reduce memory load on the system
#   Increase physical memory or swap space
#   Check if swap backing store is full
#   Decrease Java heap size (-Xmx/-Xms)
#   Decrease number of Java threads
#   Decrease Java thread stack sizes (-Xss)
#   Set larger code cache with -XX:ReservedCodeCacheSize=
#   JVM is running with Unscaled Compressed Oops mode in which the Java heap is
#     placed in the first 4GB address space. The Java Heap base address is the
#     maximum limit for the native heap growth. Please use -XX:HeapBaseMinAddress
#     to set the Java Heap base and to place the Java Heap above 4GB virtual address.
# This output file may be truncated or incomplete.
#
#  Out of Memory Error (os_windows.cpp:3613), pid=27428, tid=26792
#
# JRE version:  (17.0.9+9) (build )
# Java VM: OpenJDK 64-Bit Server VM (17.0.9+9, mixed mode, sharing, tiered, compressed oops, compressed class ptrs, g1 gc, windows-amd64)
# No core dump will be written. Minidumps are not enabled by default on client versions of Windows
#

---------------  S U M M A R Y ------------

Command Line: 

Host: AMD Ryzen 5 7520U with Radeon Graphics         , 8 cores, 5G,  Windows 11 , 64 bit Build 26100 (10.0.26100.7623)
Time: Sun Feb  1 00:09:04 2026 India Standard Time elapsed time: 1.368227 seconds (0d 0h 0m 1s)

---------------  T H R E A D  ---------------

Current thread (0x000001d47f768620):  JavaThread "Unknown thread" [_thread_in_vm, id=26792, stack(0x0000008a6be00000,0x0000008a6bf00000)]

Stack: [0x0000008a6be00000,0x0000008a6bf00000]
Native frames: (J=compiled Java code, j=interpreted, Vv=VM code, C=native code)
V  [jvm.dll+0x67cf49]
V  [jvm.dll+0x83478a]
V  [jvm.dll+0x83624e]
V  [jvm.dll+0x8368b3]
V  [jvm.dll+0x247f1f]
V  [jvm.dll+0x679d69]
V  [jvm.dll+0x66e6ba]
V  [jvm.dll+0x307e5b]
V  [jvm.dll+0x30f306]
V  [jvm.dll+0x35f0ce]
V  [jvm.dll+0x35f2ff]
V  [jvm.dll+0x2dea58]
V  [jvm.dll+0x2df9c4]
V  [jvm.dll+0x806031]
V  [jvm.dll+0x36cf31]
V  [jvm.dll+0x7e4aac]
V  [jvm.dll+0x3f07af]
V  [jvm.dll+0x3f23e1]
C  [jli.dll+0x528f]
C  [ucrtbase.dll+0x37b0]
C  [KERNEL32.DLL+0x2e8d7]
C  [ntdll.dll+0x8c53c]


---------------  P R O C E S S  ---------------

Threads class SMR info:
_java_thread_list=0x00007ffd10a3ee98, length=0, elements={
}

Java Threads: ( => current thread )

Other Threads:
  0x000001d47f7b0f60 GCTaskThread "GC Thread#0" [stack: 0x0000008a6bf00000,0x0000008a6c000000] [id=33428]
  0x000001d47f7c1cd0 ConcurrentGCThread "G1 Main Marker" [stack: 0x0000008a6c000000,0x0000008a6c100000] [id=26836]
  0x000001d47f7c3610 ConcurrentGCThread "G1 Conc#0" [stack: 0x0000008a6c100000,0x0000008a6c200000] [id=29104]

[error occurred during error reporting (printing all threads), id 0xc0000005, EXCEPTION_ACCESS_VIOLATION (0xc0000005) at pc=0x00007ffd101ff497]

VM state: not at safepoint (not fully initialized)

VM Mutex/Monitor currently owned by a thread:  ([mutex/lock_event])
[0x000001d47f763bd0] Heap_lock - owner thread: 0x000001d47f768620

Heap address: 0x00000000a2c00000, size: 1492 MB, Compressed Oops mode: 32-bit

CDS archive(s) mapped at: [0x0000000000000000-0x0000000000000000-0x0000000000000000), size 0, SharedBaseAddress: 0x0000000800000000, ArchiveRelocationMode: 1.
Narrow klass base: 0x0000000000000000, Narrow klass shift: 0, Narrow klass range: 0x0

GC Precious Log:
<Empty>

Heap:
 garbage-first heap   total 0K, used 0K [0x00000000a2c00000, 0x0000000100000000)
  region size 1024K, 0 young (0K), 0 survivors (0K)

[error occurred during error reporting (printing heap information), id 0xc0000005, EXCEPTION_ACCESS_VIOLATION (0xc0000005) at pc=0x00007ffd105e6c79]

GC Heap History (0 events):
No events

Dll operation events (1 events):
Event: 0.059 Loaded shared library C:\Program Files\Unity\Hub\Editor\6000.2.15f1\Editor\Data\PlaybackEngines\AndroidPlayer\OpenJDK\bin\java.dll

Deoptimization events (0 events):
No events

Classes unloaded (0 events):
No events

Classes redefined (0 events):
No events

Internal exceptions (0 events):
No events

VM Operations (0 events):
No events

Events (0 events):
No events


Dynamic libraries:
0x00007ff70c470000 - 0x00007ff70c47e000 	C:\Program Files\Unity\Hub\Editor\6000.2.15f1\Editor\Data\PlaybackEngines\AndroidPlayer\OpenJDK\bin\java.exe
0x00007ffde4380000 - 0x00007ffde45e7000 	C:\WINDOWS\SYSTEM32\ntdll.dll
0x00007ffde4170000 - 0x00007ffde4239000 	C:\WINDOWS\System32\KERNEL32.DLL
0x00007ffde1a00000 - 0x00007ffde1def000 	C:\WINDOWS\System32\KERNELBASE.dll
0x00007ffde1580000 - 0x00007ffde16cb000 	C:\WINDOWS\System32\ucrtbase.dll
0x00007ffdc5690000 - 0x00007ffdc56a7000 	C:\Program Files\Unity\Hub\Editor\6000.2.15f1\Editor\Data\PlaybackEngines\AndroidPlayer\OpenJDK\bin\jli.dll
0x00007ffdbd500000 - 0x00007ffdbd51b000 	C:\Program Files\Unity\Hub\Editor\6000.2.15f1\Editor\Data\PlaybackEngines\AndroidPlayer\OpenJDK\bin\VCRUNTIME140.dll
0x00007ffde2120000 - 0x00007ffde22e5000 	C:\WINDOWS\System32\USER32.dll
0x00007ffde1e00000 - 0x00007ffde1e27000 	C:\WINDOWS\System32\win32u.dll
0x00007ffdc8970000 - 0x00007ffdc8c03000 	C:\WINDOWS\WinSxS\amd64_microsoft.windows.common-controls_6595b64144ccf1df_6.0.26100.7309_none_3e05feeae336a044\COMCTL32.dll
0x00007ffde3ae0000 - 0x00007ffde3b0b000 	C:\WINDOWS\System32\GDI32.dll
0x00007ffde2960000 - 0x00007ffde2a09000 	C:\WINDOWS\System32\msvcrt.dll
0x00007ffde1760000 - 0x00007ffde188c000 	C:\WINDOWS\System32\gdi32full.dll
0x00007ffde14d0000 - 0x00007ffde1573000 	C:\WINDOWS\System32\msvcp_win.dll
0x00007ffde24e0000 - 0x00007ffde2511000 	C:\WINDOWS\System32\IMM32.DLL
0x00007ffdcff80000 - 0x00007ffdcff8c000 	C:\Program Files\Unity\Hub\Editor\6000.2.15f1\Editor\Data\PlaybackEngines\AndroidPlayer\OpenJDK\bin\vcruntime140_1.dll
0x00007ffd9fb10000 - 0x00007ffd9fb9d000 	C:\Program Files\Unity\Hub\Editor\6000.2.15f1\Editor\Data\PlaybackEngines\AndroidPlayer\OpenJDK\bin\msvcp140.dll
0x00007ffd0ff10000 - 0x00007ffd10b71000 	C:\Program Files\Unity\Hub\Editor\6000.2.15f1\Editor\Data\PlaybackEngines\AndroidPlayer\OpenJDK\bin\server\jvm.dll
0x00007ffde3170000 - 0x00007ffde3224000 	C:\WINDOWS\System32\ADVAPI32.dll
0x00007ffde28b0000 - 0x00007ffde2956000 	C:\WINDOWS\System32\sechost.dll
0x00007ffde3ca0000 - 0x00007ffde3db8000 	C:\WINDOWS\System32\RPCRT4.dll
0x00007ffde1330000 - 0x00007ffde138e000 	C:\WINDOWS\SYSTEM32\POWRPROF.dll
0x00007ffdd6440000 - 0x00007ffdd6475000 	C:\WINDOWS\SYSTEM32\WINMM.dll
0x00007ffdd5fe0000 - 0x00007ffdd5feb000 	C:\WINDOWS\SYSTEM32\VERSION.dll
0x00007ffd9d5d0000 - 0x00007ffd9d5da000 	C:\WINDOWS\SYSTEM32\WSOCK32.dll
0x00007ffde2760000 - 0x00007ffde27d4000 	C:\WINDOWS\System32\ws2_32.DLL
0x00007ffde1310000 - 0x00007ffde1324000 	C:\WINDOWS\SYSTEM32\UMPDC.dll
0x00007ffde0280000 - 0x00007ffde029b000 	C:\WINDOWS\SYSTEM32\kernel.appcore.dll
0x00007ffdcdbe0000 - 0x00007ffdcdbea000 	C:\Program Files\Unity\Hub\Editor\6000.2.15f1\Editor\Data\PlaybackEngines\AndroidPlayer\OpenJDK\bin\jimage.dll
0x00007ffddedd0000 - 0x00007ffddf012000 	C:\WINDOWS\SYSTEM32\DBGHELP.DLL
0x00007ffde3dc0000 - 0x00007ffde4146000 	C:\WINDOWS\System32\combase.dll
0x00007ffde32b0000 - 0x00007ffde3386000 	C:\WINDOWS\System32\OLEAUT32.dll
0x00007ffdb8b00000 - 0x00007ffdb8b3c000 	C:\WINDOWS\SYSTEM32\dbgcore.DLL
0x00007ffde2070000 - 0x00007ffde2115000 	C:\WINDOWS\System32\bcryptPrimitives.dll
0x00007ffdb98e0000 - 0x00007ffdb9905000 	C:\Program Files\Unity\Hub\Editor\6000.2.15f1\Editor\Data\PlaybackEngines\AndroidPlayer\OpenJDK\bin\java.dll

dbghelp: loaded successfully - version: 4.0.5 - missing functions: none
symbol engine: initialized successfully - sym options: 0x614 - pdb path: .;C:\Program Files\Unity\Hub\Editor\6000.2.15f1\Editor\Data\PlaybackEngines\AndroidPlayer\OpenJDK\bin;C:\WINDOWS\SYSTEM32;C:\WINDOWS\WinSxS\amd64_microsoft.windows.common-controls_6595b64144ccf1df_6.0.26100.7309_none_3e05feeae336a044;C:\Program Files\Unity\Hub\Editor\6000.2.15f1\Editor\Data\PlaybackEngines\AndroidPlayer\OpenJDK\bin\server

VM Arguments:
java_command: <unknown>
java_class_path (initial): <not set>
Launcher Type: SUN_STANDARD

[Global flags]
     intx CICompilerCount                          = 4                                         {product} {ergonomic}
     uint ConcGCThreads                            = 2                                         {product} {ergonomic}
     uint G1ConcRefinementThreads                  = 8                                         {product} {ergonomic}
   size_t G1HeapRegionSize                         = 1048576                                   {product} {ergonomic}
    uintx GCDrainStackTargetSize                   = 64                                        {product} {ergonomic}
   size_t InitialHeapSize                          = 98566144                                  {product} {ergonomic}
   size_t MarkStackSize                            = 4194304                                   {product} {ergonomic}
   size_t MaxHeapSize                              = 1564475392                                {product} {ergonomic}
   size_t MinHeapDeltaBytes                        = 1048576                                   {product} {ergonomic}
   size_t MinHeapSize                              = 8388608                                   {product} {ergonomic}
    uintx NonNMethodCodeHeapSize                   = 5839372                                {pd product} {ergonomic}
    uintx NonProfiledCodeHeapSize                  = 122909434                              {pd product} {ergonomic}
    uintx ProfiledCodeHeapSize                     = 122909434                              {pd product} {ergonomic}
    uintx ReservedCodeCacheSize                    = 251658240                              {pd product} {ergonomic}
     bool SegmentedCodeCache                       = true                                      {product} {ergonomic}
   size_t SoftMaxHeapSize                          = 1564475392                             {manageable} {ergonomic}
     bool UseCompressedClassPointers               = true                           {product lp64_product} {ergonomic}
     bool UseCompressedOops                        = true                           {product lp64_product} {ergonomic}
     bool UseG1GC                                  = true                                      {product} {ergonomic}
     bool UseLargePagesIndividualAllocation        = false                                  {pd product} {ergonomic}

Logging:
Log output configuration:
 #0: stdout all=warning uptime,level,tags
 #1: stderr all=off uptime,level,tags

Environment Variables:
JAVA_HOME=C:\Program Files\Unity\Hub\Editor\6000.2.15f1\Editor\Data\PlaybackEngines\AndroidPlayer\OpenJDK
PATH=C:\Program Files\PlasticSCM5\server;C:\Program Files\PlasticSCM5\client;C:\WINDOWS\system32;C:\WINDOWS;C:\WINDOWS\System32\Wbem;C:\WINDOWS\System32\WindowsPowerShell\v1.0\;C:\WINDOWS\System32\OpenSSH\;C:\MinGW\bin;C:\msys64\mingw64\bin;C:\Program Files\nodejs\node_modules\npm\bin;C:\Program Files\MongoDB\Server\8.0\bin;C:\Users\Lenovo\AppData\Local\Android\Sdk\platform-tools;C:\Users\Lenovo\jdk-24.0.2\bin;C:\Program Files\Microsoft SQL Server\150\Tools\Binn\;C:\Program Files\Microsoft SQL Server\Client SDK\ODBC\170\Tools\Binn\;C:\Program Files\dotnet\;C:\Users\Lenovo\AppData\Local\Programs\Python\Launcher\;C:\Program Files\MySQL\MySQL Shell 8.0\bin\;C:\Users\Lenovo\AppData\Local\Microsoft\WindowsApps;C:\Users\Lenovo\AppData\Local\JetBrains\Toolbox\scripts;C:\Users\Lenovo\AppData\Local\Microsoft\WindowsApps;C:\Users\Lenovo\AppData\Local\Programs\Microsoft VS Code\bin;C:\Users\Lenovo\.dotnet\tools;
USERNAME=Lenovo
OS=Windows_NT
PROCESSOR_IDENTIFIER=AMD64 Family 23 Model 160 Stepping 0, AuthenticAMD
TMP=C:\Users\Lenovo\AppData\Local\Temp
TEMP=C:\Users\Lenovo\AppData\Local\Temp



Periodic native trim disabled


---------------  S Y S T E M  ---------------

OS:
 Windows 11 , 64 bit Build 26100 (10.0.26100.7623)
OS uptime: 4 days 1:33 hours
Hyper-V role detected

CPU: total 8 (initial active 8) (8 cores per cpu, 2 threads per core) family 23 model 160 stepping 0 microcode 0x8a00006, cx8, cmov, fxsr, ht, mmx, 3dnowpref, sse, sse2, sse3, ssse3, sse4a, sse4.1, sse4.2, popcnt, lzcnt, tsc, tscinvbit, avx, avx2, aes, clmul, bmi1, bmi2, adx, sha, fma, vzeroupper, clflush, clflushopt, hv
Processor Information for all 8 processors :
  Max Mhz: 2801, Current Mhz: 2483, Mhz Limit: 2801

Memory: 4k page, system-wide physical 5965M (583M free)
TotalPageFile size 24397M (AvailPageFile size 64M)
current process WorkingSet (physical memory assigned to process): 12M, peak: 12M
current process commit charge ("private bytes"): 60M, peak: 154M

vm_info: OpenJDK 64-Bit Server VM (17.0.9+9) for windows-amd64 JRE (17.0.9+9), built on Oct 26 2023 14:01:42 by "admin" with MS VC++ 16.10 / 16.11 (VS2019)

END.
